Copyright 1986-2018 Xilinx, Inc. All Rights Reserved.
---------------------------------------------------------------------------------------------
| Tool Version : Vivado v.2018.3 (win64) Build 2405991 Thu Dec  6 23:38:27 MST 2018
| Date         : Sun Oct  8 22:33:40 2023
| Host         : DESKTOP-OKHGI2I running 64-bit major release  (build 9200)
| Command      : report_control_sets -verbose -file design_1_wrapper_control_sets_placed.rpt
| Design       : design_1_wrapper
| Device       : xc7z020
---------------------------------------------------------------------------------------------

Control Set Information

Table of Contents
-----------------
1. Summary
2. Histogram
3. Flip-Flop Distribution
4. Detailed Control Set Information

1. Summary
----------

+----------------------------------------------------------+-------+
|                          Status                          | Count |
+----------------------------------------------------------+-------+
| Number of unique control sets                            |    67 |
| Unused register locations in slices containing registers |   125 |
+----------------------------------------------------------+-------+


2. Histogram
------------

+--------+--------------+
| Fanout | Control Sets |
+--------+--------------+
|      1 |            1 |
|      2 |            1 |
|      4 |            4 |
|      5 |            5 |
|      6 |            2 |
|      8 |           26 |
|     10 |            1 |
|     12 |            2 |
|     13 |            1 |
|     14 |            2 |
|    16+ |           22 |
+--------+--------------+


3. Flip-Flop Distribution
-------------------------

+--------------+-----------------------+------------------------+-----------------+--------------+
| Clock Enable | Synchronous Set/Reset | Asynchronous Set/Reset | Total Registers | Total Slices |
+--------------+-----------------------+------------------------+-----------------+--------------+
| No           | No                    | No                     |             922 |          233 |
| No           | No                    | Yes                    |               0 |            0 |
| No           | Yes                   | No                     |             136 |           46 |
| Yes          | No                    | No                     |             351 |           89 |
| Yes          | No                    | Yes                    |               0 |            0 |
| Yes          | Yes                   | No                     |             538 |          294 |
+--------------+-----------------------+------------------------+-----------------+--------------+


4. Detailed Control Set Information
-----------------------------------

+---------------------------------------------------------------+----------------------------------------------------------------------------------------------------------------------------------------------------------------+-------------------------------------------------------------------------------------------------------------------------------------------------------+------------------+----------------+
|                          Clock Signal                         |                                                                          Enable Signal                                                                         |                                                                    Set/Reset Signal                                                                   | Slice Load Count | Bel Load Count |
+---------------------------------------------------------------+----------------------------------------------------------------------------------------------------------------------------------------------------------------+-------------------------------------------------------------------------------------------------------------------------------------------------------+------------------+----------------+
|  design_1_i/processing_system7_0/inst/FCLK_CLK0               | design_1_i/ps7_0_axi_periph/s00_couplers/auto_pc/inst/gen_axilite.gen_b2s_conv.axilite_b2s/WR.aw_channel_0/aw_cmd_fsm_0/m_axi_awready_1                        | design_1_i/ps7_0_axi_periph/s00_couplers/auto_pc/inst/gen_axilite.gen_b2s_conv.axilite_b2s/WR.aw_channel_0/aw_cmd_fsm_0/m_axi_awready_0               |                1 |              1 |
|  design_1_i/processing_system7_0/inst/FCLK_CLK0               | design_1_i/ps7_0_axi_periph/s00_couplers/auto_pc/inst/gen_axilite.gen_b2s_conv.axilite_b2s/WR.b_channel_0/bid_fifo_0/sel                                       |                                                                                                                                                       |                1 |              2 |
|  design_1_i/processing_system7_0/inst/FCLK_CLK0               |                                                                                                                                                                | design_1_i/ps7_0_axi_periph/s00_couplers/auto_pc/inst/gen_axilite.gen_b2s_conv.axilite_b2s/SI_REG/aw.aw_pipe/aresetn_d_reg[0]_0                       |                2 |              4 |
|  design_1_i/processing_system7_0/inst/FCLK_CLK0               |                                                                                                                                                                | design_1_i/rst_ps7_0_100M/U0/EXT_LPF/lpf_int                                                                                                          |                3 |              4 |
|  design_1_i/processing_system7_0/inst/FCLK_CLK0               |                                                                                                                                                                | design_1_i/ps7_0_axi_periph/s00_couplers/auto_pc/inst/gen_axilite.gen_b2s_conv.axilite_b2s/SI_REG/ar.ar_pipe/aresetn_d_reg[1]_inv_0                   |                2 |              4 |
|  design_1_i/viterbi_0/inst/FSM_sequential_next_reg[3]_i_2_n_0 |                                                                                                                                                                |                                                                                                                                                       |                1 |              4 |
|  design_1_i/processing_system7_0/inst/FCLK_CLK0               | design_1_i/ps7_0_axi_periph/s00_couplers/auto_pc/inst/gen_axilite.gen_b2s_conv.axilite_b2s/RD.ar_channel_0/ar_cmd_fsm_0/m_valid_i_reg                          | design_1_i/ps7_0_axi_periph/s00_couplers/auto_pc/inst/gen_axilite.gen_b2s_conv.axilite_b2s/RD.ar_channel_0/ar_cmd_fsm_0/FSM_sequential_state_reg[0]_0 |                2 |              5 |
|  design_1_i/processing_system7_0/inst/FCLK_CLK0               | design_1_i/viterbi_0/inst/i                                                                                                                                    | design_1_i/viterbi_0/inst/i[4]_i_1_n_0                                                                                                                |                2 |              5 |
|  design_1_i/processing_system7_0/inst/FCLK_CLK0               | design_1_i/ps7_0_axi_periph/s00_couplers/auto_pc/inst/gen_axilite.gen_b2s_conv.axilite_b2s/RD.r_channel_0/rd_data_fifo_0/cnt_read[4]_i_1_n_0                   | design_1_i/ps7_0_axi_periph/s00_couplers/auto_pc/inst/gen_axilite.gen_b2s_conv.axilite_b2s/areset_d1                                                  |                1 |              5 |
|  design_1_i/processing_system7_0/inst/FCLK_CLK0               | design_1_i/noise_channel_0/inst/bits_ptr                                                                                                                       | design_1_i/noise_channel_0/inst/data_out[27]_i_1_n_0                                                                                                  |                2 |              5 |
|  design_1_i/processing_system7_0/inst/FCLK_CLK0               | design_1_i/ps7_0_axi_periph/s00_couplers/auto_pc/inst/gen_axilite.gen_b2s_conv.axilite_b2s/RD.r_channel_0/rd_data_fifo_0/E[0]                                  | design_1_i/ps7_0_axi_periph/s00_couplers/auto_pc/inst/gen_axilite.gen_b2s_conv.axilite_b2s/areset_d1                                                  |                2 |              5 |
|  design_1_i/processing_system7_0/inst/FCLK_CLK0               | design_1_i/encoder_0/inst/k[6]_i_1_n_0                                                                                                                         | design_1_i/encoder_0/inst/k                                                                                                                           |                2 |              6 |
|  design_1_i/processing_system7_0/inst/FCLK_CLK0               | design_1_i/rst_ps7_0_100M/U0/SEQ/seq_cnt_en                                                                                                                    | design_1_i/rst_ps7_0_100M/U0/SEQ/SEQ_COUNTER/clear                                                                                                    |                1 |              6 |
|  design_1_i/processing_system7_0/inst/FCLK_CLK0               | design_1_i/myip_0/inst/myip_v1_0_S00_AXI_inst/p_1_in[31]                                                                                                       | design_1_i/myip_0/inst/myip_v1_0_S00_AXI_inst/slv_reg1[0]_i_1_n_0                                                                                     |                1 |              8 |
|  design_1_i/processing_system7_0/inst/FCLK_CLK0               | design_1_i/ps7_0_axi_periph/s00_couplers/auto_pc/inst/gen_axilite.gen_b2s_conv.axilite_b2s/WR.b_channel_0/mhandshake_r                                         | design_1_i/ps7_0_axi_periph/s00_couplers/auto_pc/inst/gen_axilite.gen_b2s_conv.axilite_b2s/WR.b_channel_0/bid_fifo_0/SR[0]                            |                3 |              8 |
|  design_1_i/processing_system7_0/inst/FCLK_CLK0               | design_1_i/ps7_0_axi_periph/s00_couplers/auto_pc/inst/gen_axilite.gen_b2s_conv.axilite_b2s/WR.aw_channel_0/aw_cmd_fsm_0/E[0]                                   |                                                                                                                                                       |                3 |              8 |
|  design_1_i/processing_system7_0/inst/FCLK_CLK0               | design_1_i/ps7_0_axi_periph/s00_couplers/auto_pc/inst/gen_axilite.gen_b2s_conv.axilite_b2s/WR.aw_channel_0/cmd_translator_0/incr_cmd_0/axaddr_incr[11]_i_1_n_0 |                                                                                                                                                       |                3 |              8 |
|  design_1_i/processing_system7_0/inst/FCLK_CLK0               | design_1_i/myip_0/inst/myip_v1_0_S00_AXI_inst/slv_reg3[7]_i_1_n_0                                                                                              | design_1_i/myip_0/inst/myip_v1_0_S00_AXI_inst/slv_reg1[0]_i_1_n_0                                                                                     |                1 |              8 |
|  design_1_i/processing_system7_0/inst/FCLK_CLK0               | design_1_i/myip_0/inst/myip_v1_0_S00_AXI_inst/slv_reg5[23]_i_1_n_0                                                                                             | design_1_i/myip_0/inst/myip_v1_0_S00_AXI_inst/slv_reg1[0]_i_1_n_0                                                                                     |                1 |              8 |
|  design_1_i/processing_system7_0/inst/FCLK_CLK0               | design_1_i/myip_0/inst/myip_v1_0_S00_AXI_inst/slv_reg5[31]_i_1_n_0                                                                                             | design_1_i/myip_0/inst/myip_v1_0_S00_AXI_inst/slv_reg1[0]_i_1_n_0                                                                                     |                2 |              8 |
|  design_1_i/processing_system7_0/inst/FCLK_CLK0               | design_1_i/myip_0/inst/myip_v1_0_S00_AXI_inst/slv_reg5[4]_i_1_n_0                                                                                              | design_1_i/myip_0/inst/myip_v1_0_S00_AXI_inst/slv_reg1[0]_i_1_n_0                                                                                     |                4 |              8 |
|  design_1_i/processing_system7_0/inst/FCLK_CLK0               | design_1_i/myip_0/inst/myip_v1_0_S00_AXI_inst/slv_reg3[23]_i_1_n_0                                                                                             | design_1_i/myip_0/inst/myip_v1_0_S00_AXI_inst/slv_reg1[0]_i_1_n_0                                                                                     |                1 |              8 |
|  design_1_i/processing_system7_0/inst/FCLK_CLK0               | design_1_i/myip_0/inst/myip_v1_0_S00_AXI_inst/slv_reg3[11]_i_1_n_0                                                                                             | design_1_i/myip_0/inst/myip_v1_0_S00_AXI_inst/slv_reg1[0]_i_1_n_0                                                                                     |                2 |              8 |
|  design_1_i/processing_system7_0/inst/FCLK_CLK0               | design_1_i/myip_0/inst/myip_v1_0_S00_AXI_inst/slv_reg3[31]_i_1_n_0                                                                                             | design_1_i/myip_0/inst/myip_v1_0_S00_AXI_inst/slv_reg1[0]_i_1_n_0                                                                                     |                1 |              8 |
|  design_1_i/processing_system7_0/inst/FCLK_CLK0               | design_1_i/myip_0/inst/myip_v1_0_S00_AXI_inst/slv_reg7[23]_i_1_n_0                                                                                             | design_1_i/myip_0/inst/myip_v1_0_S00_AXI_inst/slv_reg1[0]_i_1_n_0                                                                                     |                2 |              8 |
|  design_1_i/processing_system7_0/inst/FCLK_CLK0               | design_1_i/myip_0/inst/myip_v1_0_S00_AXI_inst/slv_reg6[0]_i_1_n_0                                                                                              | design_1_i/myip_0/inst/myip_v1_0_S00_AXI_inst/slv_reg1[0]_i_1_n_0                                                                                     |                1 |              8 |
|  design_1_i/processing_system7_0/inst/FCLK_CLK0               | design_1_i/myip_0/inst/myip_v1_0_S00_AXI_inst/slv_reg6[23]_i_1_n_0                                                                                             | design_1_i/myip_0/inst/myip_v1_0_S00_AXI_inst/slv_reg1[0]_i_1_n_0                                                                                     |                2 |              8 |
|  design_1_i/processing_system7_0/inst/FCLK_CLK0               | design_1_i/myip_0/inst/myip_v1_0_S00_AXI_inst/slv_reg6[31]_i_1_n_0                                                                                             | design_1_i/myip_0/inst/myip_v1_0_S00_AXI_inst/slv_reg1[0]_i_1_n_0                                                                                     |                1 |              8 |
|  design_1_i/processing_system7_0/inst/FCLK_CLK0               | design_1_i/myip_0/inst/myip_v1_0_S00_AXI_inst/slv_reg7[15]_i_1_n_0                                                                                             | design_1_i/myip_0/inst/myip_v1_0_S00_AXI_inst/slv_reg1[0]_i_1_n_0                                                                                     |                2 |              8 |
|  design_1_i/processing_system7_0/inst/FCLK_CLK0               | design_1_i/myip_0/inst/myip_v1_0_S00_AXI_inst/slv_reg6[15]_i_1_n_0                                                                                             | design_1_i/myip_0/inst/myip_v1_0_S00_AXI_inst/slv_reg1[0]_i_1_n_0                                                                                     |                3 |              8 |
|  design_1_i/processing_system7_0/inst/FCLK_CLK0               | design_1_i/myip_0/inst/myip_v1_0_S00_AXI_inst/slv_reg7[31]_i_1_n_0                                                                                             | design_1_i/myip_0/inst/myip_v1_0_S00_AXI_inst/slv_reg1[0]_i_1_n_0                                                                                     |                2 |              8 |
|  design_1_i/processing_system7_0/inst/FCLK_CLK0               | design_1_i/myip_0/inst/myip_v1_0_S00_AXI_inst/slv_reg7[0]_i_1_n_0                                                                                              | design_1_i/myip_0/inst/myip_v1_0_S00_AXI_inst/slv_reg1[0]_i_1_n_0                                                                                     |                1 |              8 |
|  design_1_i/processing_system7_0/inst/FCLK_CLK0               | design_1_i/myip_0/inst/myip_v1_0_S00_AXI_inst/p_1_in[15]                                                                                                       | design_1_i/myip_0/inst/myip_v1_0_S00_AXI_inst/slv_reg1[0]_i_1_n_0                                                                                     |                2 |              8 |
|  design_1_i/processing_system7_0/inst/FCLK_CLK0               | design_1_i/myip_0/inst/myip_v1_0_S00_AXI_inst/slv_reg5[15]_i_1_n_0                                                                                             | design_1_i/myip_0/inst/myip_v1_0_S00_AXI_inst/slv_reg1[0]_i_1_n_0                                                                                     |                2 |              8 |
|  design_1_i/processing_system7_0/inst/FCLK_CLK0               | design_1_i/myip_0/inst/myip_v1_0_S00_AXI_inst/p_1_in[0]                                                                                                        | design_1_i/myip_0/inst/myip_v1_0_S00_AXI_inst/slv_reg1[0]_i_1_n_0                                                                                     |                1 |              8 |
|  design_1_i/processing_system7_0/inst/FCLK_CLK0               | design_1_i/myip_0/inst/myip_v1_0_S00_AXI_inst/p_1_in[23]                                                                                                       | design_1_i/myip_0/inst/myip_v1_0_S00_AXI_inst/slv_reg1[0]_i_1_n_0                                                                                     |                1 |              8 |
|  design_1_i/processing_system7_0/inst/FCLK_CLK0               | design_1_i/viterbi_0/inst/d1[7]_i_1_n_0                                                                                                                        | design_1_i/viterbi_0/inst/d10                                                                                                                         |                7 |              8 |
|  design_1_i/processing_system7_0/inst/FCLK_CLK0               | design_1_i/ps7_0_axi_periph/s00_couplers/auto_pc/inst/gen_axilite.gen_b2s_conv.axilite_b2s/RD.ar_channel_0/ar_cmd_fsm_0/E[0]                                   |                                                                                                                                                       |                4 |              8 |
|  design_1_i/processing_system7_0/inst/FCLK_CLK0               | design_1_i/ps7_0_axi_periph/s00_couplers/auto_pc/inst/gen_axilite.gen_b2s_conv.axilite_b2s/RD.ar_channel_0/ar_cmd_fsm_0/sel_first_reg[0]                       |                                                                                                                                                       |                2 |              8 |
|  design_1_i/processing_system7_0/inst/FCLK_CLK0               |                                                                                                                                                                | design_1_i/ps7_0_axi_periph/s00_couplers/auto_pc/inst/gen_axilite.gen_b2s_conv.axilite_b2s/areset_d1                                                  |                3 |             10 |
|  design_1_i/processing_system7_0/inst/FCLK_CLK0               | design_1_i/encoder_0/inst/x_tmp[13]_i_2_n_0                                                                                                                    | design_1_i/encoder_0/inst/x_tmp[13]_i_1_n_0                                                                                                           |                4 |             12 |
|  design_1_i/processing_system7_0/inst/FCLK_CLK0               |                                                                                                                                                                | design_1_i/myip_0/inst/myip_v1_0_S00_AXI_inst/slv_reg1[0]_i_1_n_0                                                                                     |                4 |             12 |
|  design_1_i/processing_system7_0/inst/FCLK_CLK0               | design_1_i/ps7_0_axi_periph/s00_couplers/auto_pc/inst/gen_axilite.gen_b2s_conv.axilite_b2s/RD.r_channel_0/r_push_r                                             |                                                                                                                                                       |                4 |             13 |
|  design_1_i/processing_system7_0/inst/FCLK_CLK0               | design_1_i/ps7_0_axi_periph/s00_couplers/auto_pc/inst/gen_axilite.gen_b2s_conv.axilite_b2s/SI_REG/b.b_pipe/p_1_in                                              |                                                                                                                                                       |                2 |             14 |
|  design_1_i/processing_system7_0/inst/FCLK_CLK0               | design_1_i/ps7_0_axi_periph/s00_couplers/auto_pc/inst/gen_axilite.gen_b2s_conv.axilite_b2s/SI_REG/b.b_pipe/s_ready_i_reg_0                                     |                                                                                                                                                       |                3 |             14 |
|  design_1_i/processing_system7_0/inst/FCLK_CLK0               | design_1_i/ps7_0_axi_periph/s00_couplers/auto_pc/inst/gen_axilite.gen_b2s_conv.axilite_b2s/WR.aw_channel_0/aw_cmd_fsm_0/b_push                                 |                                                                                                                                                       |                3 |             16 |
|  design_1_i/processing_system7_0/inst/FCLK_CLK0               | design_1_i/ps7_0_axi_periph/s00_couplers/auto_pc/inst/gen_axilite.gen_b2s_conv.axilite_b2s/RD.ar_channel_0/ar_cmd_fsm_0/m_valid_i_reg                          |                                                                                                                                                       |                6 |             17 |
|  design_1_i/processing_system7_0/inst/FCLK_CLK0               | design_1_i/ps7_0_axi_periph/s00_couplers/auto_pc/inst/gen_axilite.gen_b2s_conv.axilite_b2s/WR.aw_channel_0/aw_cmd_fsm_0/m_axi_awready_1                        |                                                                                                                                                       |                7 |             21 |
|  design_1_i/processing_system7_0/inst/FCLK_CLK0               | design_1_i/viterbi_0/inst/best_path                                                                                                                            |                                                                                                                                                       |               12 |             23 |
|  design_1_i/processing_system7_0/inst/FCLK_CLK0               |                                                                                                                                                                | design_1_i/encoder_0/inst/k                                                                                                                           |               10 |             28 |
|  design_1_i/processing_system7_0/inst/FCLK_CLK0               | design_1_i/ps7_0_axi_periph/s00_couplers/auto_pc/inst/gen_axilite.gen_b2s_conv.axilite_b2s/RD.ar_channel_0/ar_cmd_fsm_0/FSM_sequential_state_reg[1]_0[0]       |                                                                                                                                                       |                6 |             28 |
|  design_1_i/processing_system7_0/inst/FCLK_CLK0               | design_1_i/ps7_0_axi_periph/s00_couplers/auto_pc/inst/gen_axilite.gen_b2s_conv.axilite_b2s/SI_REG/ar.ar_pipe/s_ready_i_reg_0                                   |                                                                                                                                                       |                6 |             28 |
|  design_1_i/processing_system7_0/inst/FCLK_CLK0               | design_1_i/ps7_0_axi_periph/s00_couplers/auto_pc/inst/gen_axilite.gen_b2s_conv.axilite_b2s/SI_REG/aw.aw_pipe/s_ready_i_reg_0                                   |                                                                                                                                                       |                5 |             28 |
|  design_1_i/processing_system7_0/inst/FCLK_CLK0               | design_1_i/viterbi_0/inst/in_tmp                                                                                                                               |                                                                                                                                                       |                8 |             28 |
|  design_1_i/processing_system7_0/inst/FCLK_CLK0               | design_1_i/ps7_0_axi_periph/s00_couplers/auto_pc/inst/gen_axilite.gen_b2s_conv.axilite_b2s/WR.aw_channel_0/aw_cmd_fsm_0/m_valid_i_reg[0]                       |                                                                                                                                                       |                5 |             28 |
|  design_1_i/processing_system7_0/inst/FCLK_CLK0               | design_1_i/viterbi_0/inst/path1[27]_i_1_n_0                                                                                                                    | design_1_i/viterbi_0/inst/d10                                                                                                                         |               25 |             28 |
|  design_1_i/processing_system7_0/inst/FCLK_CLK0               | design_1_i/myip_0/inst/myip_v1_0_S00_AXI_inst/slv_reg_rden__0                                                                                                  | design_1_i/myip_0/inst/myip_v1_0_S00_AXI_inst/slv_reg1[0]_i_1_n_0                                                                                     |               17 |             32 |
|  design_1_i/processing_system7_0/inst/FCLK_CLK0               | design_1_i/ps7_0_axi_periph/s00_couplers/auto_pc/inst/gen_axilite.gen_b2s_conv.axilite_b2s/RD.r_channel_0/rd_data_fifo_0/wr_en0                                |                                                                                                                                                       |                9 |             32 |
|  design_1_i/processing_system7_0/inst/FCLK_CLK0               |                                                                                                                                                                | design_1_i/noise_channel_0/inst/data_out[27]_i_1_n_0                                                                                                  |               13 |             36 |
|  design_1_i/processing_system7_0/inst/FCLK_CLK0               | design_1_i/viterbi_0/inst/path3[27]_i_1_n_0                                                                                                                    | design_1_i/viterbi_0/inst/d10                                                                                                                         |               33 |             36 |
|  design_1_i/processing_system7_0/inst/FCLK_CLK0               | design_1_i/viterbi_0/inst/d4[7]_i_1_n_0                                                                                                                        | design_1_i/viterbi_0/inst/d10                                                                                                                         |               35 |             36 |
|  design_1_i/processing_system7_0/inst/FCLK_CLK0               | design_1_i/viterbi_0/inst/path2[27]_i_1_n_0                                                                                                                    | design_1_i/viterbi_0/inst/d10                                                                                                                         |               34 |             36 |
|  design_1_i/processing_system7_0/inst/FCLK_CLK0               |                                                                                                                                                                | design_1_i/myip_0/inst/myip_v1_0_S00_AXI_inst/reset_ctrl                                                                                              |                9 |             38 |
|  design_1_i/processing_system7_0/inst/FCLK_CLK0               | design_1_i/ps7_0_axi_periph/s00_couplers/auto_pc/inst/gen_axilite.gen_b2s_conv.axilite_b2s/SI_REG/r.r_pipe/s_ready_i_reg_0                                     |                                                                                                                                                       |                9 |             45 |
|  design_1_i/processing_system7_0/inst/FCLK_CLK0               | design_1_i/ps7_0_axi_periph/s00_couplers/auto_pc/inst/gen_axilite.gen_b2s_conv.axilite_b2s/SI_REG/r.r_pipe/p_1_in                                              |                                                                                                                                                       |                8 |             45 |
|  design_1_i/processing_system7_0/inst/FCLK_CLK0               | design_1_i/viterbi_0/inst/path5[27]_i_2_n_0                                                                                                                    | design_1_i/viterbi_0/inst/d10                                                                                                                         |               90 |            144 |
|  design_1_i/processing_system7_0/inst/FCLK_CLK0               |                                                                                                                                                                |                                                                                                                                                       |              236 |           1287 |
+---------------------------------------------------------------+----------------------------------------------------------------------------------------------------------------------------------------------------------------+-------------------------------------------------------------------------------------------------------------------------------------------------------+------------------+----------------+


