Copyright 1986-2018 Xilinx, Inc. All Rights Reserved.
--------------------------------------------------------------------------------------------------------
| Tool Version : Vivado v.2018.3 (win64) Build 2405991 Thu Dec  6 23:38:27 MST 2018
| Date         : Mon May 11 17:56:54 2020
| Host         : USER-PC running 64-bit Service Pack 1  (build 7601)
| Command      : report_control_sets -verbose -file awgn_inv_mapping_bd_wrapper_control_sets_placed.rpt
| Design       : awgn_inv_mapping_bd_wrapper
| Device       : xc7z020
--------------------------------------------------------------------------------------------------------

Control Set Information

Table of Contents
-----------------
1. Summary
2. Histogram
3. Flip-Flop Distribution
4. Detailed Control Set Information

1. Summary
----------

+----------------------------------------------------------+-------+
|                          Status                          | Count |
+----------------------------------------------------------+-------+
| Number of unique control sets                            |     1 |
| Unused register locations in slices containing registers |     3 |
+----------------------------------------------------------+-------+


2. Histogram
------------

+--------+--------------+
| Fanout | Control Sets |
+--------+--------------+
|    16+ |            1 |
+--------+--------------+


3. Flip-Flop Distribution
-------------------------

+--------------+-----------------------+------------------------+-----------------+--------------+
| Clock Enable | Synchronous Set/Reset | Asynchronous Set/Reset | Total Registers | Total Slices |
+--------------+-----------------------+------------------------+-----------------+--------------+
| No           | No                    | No                     |             813 |          216 |
| No           | No                    | Yes                    |               0 |            0 |
| No           | Yes                   | No                     |               0 |            0 |
| Yes          | No                    | No                     |               0 |            0 |
| Yes          | No                    | Yes                    |               0 |            0 |
| Yes          | Yes                   | No                     |               0 |            0 |
+--------------+-----------------------+------------------------+-----------------+--------------+


4. Detailed Control Set Information
-----------------------------------

+--------------+---------------+------------------+------------------+----------------+
| Clock Signal | Enable Signal | Set/Reset Signal | Slice Load Count | Bel Load Count |
+--------------+---------------+------------------+------------------+----------------+
|  clk         |               |                  |              218 |           1181 |
+--------------+---------------+------------------+------------------+----------------+


